<?xml version="1.0" encoding="UTF-8"?>
<!-- Generated by org.testng.reporters.JUnitXMLReporter -->
<testsuite hostname="CDC2-L-GQQJRQ2" name="eCommerceapp Test" tests="3" failures="0" timestamp="14 Nov 2019 11:01:16 GMT" time="105.127" errors="0">
  <testcase name="loginTest" time="15.562" classname="com.eCommerceapp.testcase.Tc_LoginOrderitem"/>
  <testcase name="Searchitem" time="35.419" classname="com.eCommerceapp.testcase.Tc_LoginOrderitem"/>
  <testcase name="Searchitem" time="35.351" classname="com.eCommerceapp.testcase.Tc_LoginOrderitem"/>
</testsuite> <!-- eCommerceapp Test -->
