<?xml version="1.0" encoding="UTF-8"?>
<testng-results skipped="0" failed="0" total="1" passed="1">
  <reporter-output>
  </reporter-output>
  <suite name="eCommerceapp" duration-ms="39129" started-at="2019-11-12T09:46:45Z" finished-at="2019-11-12T09:47:24Z">
    <groups>
    </groups>
    <test name="eCommerceapp Test" duration-ms="39129" started-at="2019-11-12T09:46:45Z" finished-at="2019-11-12T09:47:24Z">
      <class name="com.eCommerceapp.testcase.Tc_LoginTest_001">
        <test-method status="PASS" signature="setup(java.lang.String)[pri:0, instance:com.eCommerceapp.testcase.Tc_LoginTest_001@35f983a6]" name="setup" is-config="true" duration-ms="21765" started-at="2019-11-12T15:16:45Z" finished-at="2019-11-12T15:17:07Z">
          <params>
            <param index="0">
              <value>
                <![CDATA[chrome]]>
              </value>
            </param>
          </params>
          <reporter-output>
          </reporter-output>
        </test-method> <!-- setup -->
        <test-method status="PASS" signature="loginTest()[pri:0, instance:com.eCommerceapp.testcase.Tc_LoginTest_001@35f983a6]" name="loginTest" duration-ms="16103" started-at="2019-11-12T15:17:07Z" finished-at="2019-11-12T15:17:23Z">
          <reporter-output>
          </reporter-output>
        </test-method> <!-- loginTest -->
        <test-method status="PASS" signature="teardown()[pri:0, instance:com.eCommerceapp.testcase.Tc_LoginTest_001@35f983a6]" name="teardown" is-config="true" duration-ms="962" started-at="2019-11-12T15:17:23Z" finished-at="2019-11-12T15:17:24Z">
          <reporter-output>
          </reporter-output>
        </test-method> <!-- teardown -->
      </class> <!-- com.eCommerceapp.testcase.Tc_LoginTest_001 -->
    </test> <!-- eCommerceapp Test -->
  </suite> <!-- eCommerceapp -->
</testng-results>
