<?xml version="1.0" encoding="UTF-8"?>
<testng-results skipped="0" failed="0" total="1" passed="1">
  <reporter-output>
  </reporter-output>
  <suite name="eCommerceapp" duration-ms="25991" started-at="2019-11-11T13:15:15Z" finished-at="2019-11-11T13:15:41Z">
    <groups>
    </groups>
    <test name="eCommerceapp Test" duration-ms="25991" started-at="2019-11-11T13:15:15Z" finished-at="2019-11-11T13:15:41Z">
      <class name="com.eCommerceapp.testcase.Tc_LoginTest_001">
        <test-method status="PASS" signature="setup(java.lang.String)[pri:0, instance:com.eCommerceapp.testcase.Tc_LoginTest_001@35f983a6]" name="setup" is-config="true" duration-ms="23700" started-at="2019-11-11T18:45:15Z" finished-at="2019-11-11T18:45:39Z">
          <params>
            <param index="0">
              <value>
                <![CDATA[chrome]]>
              </value>
            </param>
          </params>
          <reporter-output>
          </reporter-output>
        </test-method> <!-- setup -->
        <test-method status="PASS" signature="loginTest()[pri:0, instance:com.eCommerceapp.testcase.Tc_LoginTest_001@35f983a6]" name="loginTest" duration-ms="995" started-at="2019-11-11T18:45:39Z" finished-at="2019-11-11T18:45:40Z">
          <reporter-output>
          </reporter-output>
        </test-method> <!-- loginTest -->
        <test-method status="PASS" signature="teardown()[pri:0, instance:com.eCommerceapp.testcase.Tc_LoginTest_001@35f983a6]" name="teardown" is-config="true" duration-ms="957" started-at="2019-11-11T18:45:40Z" finished-at="2019-11-11T18:45:41Z">
          <reporter-output>
          </reporter-output>
        </test-method> <!-- teardown -->
      </class> <!-- com.eCommerceapp.testcase.Tc_LoginTest_001 -->
    </test> <!-- eCommerceapp Test -->
  </suite> <!-- eCommerceapp -->
</testng-results>
