<?xml version="1.0" encoding="UTF-8"?>
<testng-results skipped="0" failed="0" total="1" passed="1">
  <reporter-output>
  </reporter-output>
  <suite name="eCommerceapp" duration-ms="15217" started-at="2019-11-09T12:47:33Z" finished-at="2019-11-09T12:47:48Z">
    <groups>
    </groups>
    <test name="eCommerceapp Test" duration-ms="15217" started-at="2019-11-09T12:47:33Z" finished-at="2019-11-09T12:47:48Z">
      <class name="com.eCommerceapp.testcase.Tc_LoginTest_001">
        <test-method status="PASS" signature="setup(java.lang.String)[pri:0, instance:com.eCommerceapp.testcase.Tc_LoginTest_001@3abbfa04]" name="setup" is-config="true" duration-ms="13124" started-at="2019-11-09T18:17:33Z" finished-at="2019-11-09T18:17:46Z">
          <params>
            <param index="0">
              <value>
                <![CDATA[chrome]]>
              </value>
            </param>
          </params>
          <reporter-output>
          </reporter-output>
        </test-method> <!-- setup -->
        <test-method status="PASS" signature="loginTest()[pri:0, instance:com.eCommerceapp.testcase.Tc_LoginTest_001@3abbfa04]" name="loginTest" duration-ms="876" started-at="2019-11-09T18:17:46Z" finished-at="2019-11-09T18:17:47Z">
          <reporter-output>
          </reporter-output>
        </test-method> <!-- loginTest -->
        <test-method status="PASS" signature="teardown()[pri:0, instance:com.eCommerceapp.testcase.Tc_LoginTest_001@3abbfa04]" name="teardown" is-config="true" duration-ms="941" started-at="2019-11-09T18:17:47Z" finished-at="2019-11-09T18:17:48Z">
          <reporter-output>
          </reporter-output>
        </test-method> <!-- teardown -->
      </class> <!-- com.eCommerceapp.testcase.Tc_LoginTest_001 -->
    </test> <!-- eCommerceapp Test -->
  </suite> <!-- eCommerceapp -->
</testng-results>
