<?xml version="1.0" encoding="UTF-8"?>
<testng-results skipped="0" failed="1" total="2" passed="1">
  <reporter-output>
  </reporter-output>
  <suite name="Default suite" duration-ms="34862" started-at="2019-11-14T07:50:57Z" finished-at="2019-11-14T07:51:31Z">
    <groups>
    </groups>
    <test name="Default test" duration-ms="34862" started-at="2019-11-14T07:50:57Z" finished-at="2019-11-14T07:51:31Z">
      <class name="com.eCommerceapp.testcase.Tc_LoginOrderitem">
        <test-method status="PASS" signature="setup()[pri:0, instance:com.eCommerceapp.testcase.Tc_LoginOrderitem@204f30ec]" name="setup" is-config="true" duration-ms="18870" started-at="2019-11-14T13:20:57Z" finished-at="2019-11-14T13:21:15Z">
          <reporter-output>
          </reporter-output>
        </test-method> <!-- setup -->
        <test-method status="PASS" signature="loginTest()[pri:1, instance:com.eCommerceapp.testcase.Tc_LoginOrderitem@204f30ec]" name="loginTest" duration-ms="15938" started-at="2019-11-14T13:21:15Z" finished-at="2019-11-14T13:21:31Z">
          <reporter-output>
          </reporter-output>
        </test-method> <!-- loginTest -->
        <test-method status="FAIL" signature="Searchitem()[pri:2, instance:com.eCommerceapp.testcase.Tc_LoginOrderitem@204f30ec]" name="Searchitem" duration-ms="4" started-at="2019-11-14T13:21:31Z" finished-at="2019-11-14T13:21:31Z">
          <exception class="java.lang.NullPointerException">
            <full-stacktrace>
              <![CDATA[java.lang.NullPointerException
	at java.util.Objects.requireNonNull(Objects.java:203)
	at org.openqa.selenium.support.ui.FluentWait.<init>(FluentWait.java:106)
	at org.openqa.selenium.support.ui.WebDriverWait.<init>(WebDriverWait.java:85)
	at org.openqa.selenium.support.ui.WebDriverWait.<init>(WebDriverWait.java:45)
	at com.eCommerceapp.pageobject.Orderitem.<init>(Orderitem.java:14)
	at com.eCommerceapp.testcase.Tc_LoginOrderitem.Searchitem(Tc_LoginOrderitem.java:28)
	at sun.reflect.NativeMethodAccessorImpl.invoke0(Native Method)
	at sun.reflect.NativeMethodAccessorImpl.invoke(NativeMethodAccessorImpl.java:62)
	at sun.reflect.DelegatingMethodAccessorImpl.invoke(DelegatingMethodAccessorImpl.java:43)
	at java.lang.reflect.Method.invoke(Method.java:498)
	at org.testng.internal.MethodInvocationHelper.invokeMethod(MethodInvocationHelper.java:85)
	at org.testng.internal.Invoker.invokeMethod(Invoker.java:639)
	at org.testng.internal.Invoker.invokeTestMethod(Invoker.java:816)
	at org.testng.internal.Invoker.invokeTestMethods(Invoker.java:1124)
	at org.testng.internal.TestMethodWorker.invokeTestMethods(TestMethodWorker.java:125)
	at org.testng.internal.TestMethodWorker.run(TestMethodWorker.java:108)
	at org.testng.TestRunner.privateRun(TestRunner.java:774)
	at org.testng.TestRunner.run(TestRunner.java:624)
	at org.testng.SuiteRunner.runTest(SuiteRunner.java:359)
	at org.testng.SuiteRunner.runSequentially(SuiteRunner.java:354)
	at org.testng.SuiteRunner.privateRun(SuiteRunner.java:312)
	at org.testng.SuiteRunner.run(SuiteRunner.java:261)
	at org.testng.SuiteRunnerWorker.runSuite(SuiteRunnerWorker.java:52)
	at org.testng.SuiteRunnerWorker.run(SuiteRunnerWorker.java:86)
	at org.testng.TestNG.runSuitesSequentially(TestNG.java:1191)
	at org.testng.TestNG.runSuitesLocally(TestNG.java:1116)
	at org.testng.TestNG.run(TestNG.java:1024)
	at org.testng.remote.AbstractRemoteTestNG.run(AbstractRemoteTestNG.java:126)
	at org.testng.remote.RemoteTestNG.initAndRun(RemoteTestNG.java:152)
	at org.testng.remote.RemoteTestNG.main(RemoteTestNG.java:57)
]]>
            </full-stacktrace>
          </exception> <!-- java.lang.NullPointerException -->
          <reporter-output>
          </reporter-output>
        </test-method> <!-- Searchitem -->
        <test-method status="PASS" signature="teardown()[pri:0, instance:com.eCommerceapp.testcase.Tc_LoginOrderitem@204f30ec]" name="teardown" is-config="true" duration-ms="0" started-at="2019-11-14T13:21:31Z" finished-at="2019-11-14T13:21:31Z">
          <reporter-output>
          </reporter-output>
        </test-method> <!-- teardown -->
      </class> <!-- com.eCommerceapp.testcase.Tc_LoginOrderitem -->
    </test> <!-- Default test -->
  </suite> <!-- Default suite -->
</testng-results>
